<?xml version="1.0" encoding="UTF-8"?>
<!-- Generated by org.testng.reporters.JUnitReportReporter -->
<testsuite hostname="DESKTOP-SELHIJF" failures="0" tests="1" name="OpenSooqSite" time="16.790" errors="0" timestamp="2022-11-30T07:14:28 GMT+02:00" skipped="0">
  <testcase classname="OpenSooqSite" name="searchCarTypeOpenSooqSite" time="16.790"/>
  <system-out/>
</testsuite> <!-- OpenSooqSite -->
