<?xml version="1.0" encoding="UTF-8"?>
<!-- Generated by org.testng.reporters.JUnitReportReporter -->
<testsuite hostname="DESKTOP-SELHIJF" failures="0" tests="1" name="TesGetTheTitle" time="0.014" errors="0" timestamp="2022-11-29T01:08:47 GMT+02:00" skipped="0">
  <testcase classname="TesGetTheTitle" name="testTheTitle" time="0.014"/>
  <system-out/>
</testsuite> <!-- TesGetTheTitle -->
