<?xml version="1.0" encoding="UTF-8"?>
<!-- Generated by org.testng.reporters.JUnitReportReporter -->
<testsuite hostname="DESKTOP-SELHIJF" failures="0" tests="1" name="OpenSooqSite" time="2.637" errors="0" timestamp="2022-11-29T05:16:08 GMT+02:00" skipped="0">
  <testcase classname="OpenSooqSite" name="searchCarTypeOpenSooqSite" time="2.637"/>
  <system-out/>
</testsuite> <!-- OpenSooqSite -->
