<?xml version="1.0" encoding="UTF-8"?>
<!-- Generated by org.testng.reporters.JUnitReportReporter -->
<testsuite hostname="DESKTOP-SELHIJF" failures="0" tests="1" name="SearchWords" time="0.069" errors="0" timestamp="2022-11-29T01:07:00 GMT+02:00" skipped="0">
  <testcase classname="SearchWords" name="searchWordGoogleSite" time="0.069"/>
  <system-out/>
</testsuite> <!-- SearchWords -->
