<?xml version="1.0" encoding="UTF-8"?>
<!-- Generated by org.testng.reporters.JUnitReportReporter -->
<testsuite hostname="DESKTOP-SELHIJF" failures="0" tests="1" name="GetTheTitleFacebook" time="0.012" errors="0" timestamp="2022-11-29T05:15:17 GMT+02:00" skipped="0">
  <testcase classname="GetTheTitleFacebook" name="testTheTitle" time="0.012"/>
  <system-out/>
</testsuite> <!-- GetTheTitleFacebook -->
